<?xml version="1.0" encoding="UTF-8"?>
<testsuite name="org.example.SolverTest" tests="1" skipped="0" failures="0" errors="0" timestamp="2022-04-29T08:06:41" hostname="DESKTOP-II94PDQ" time="0.016">
  <properties/>
  <testcase name="testSolving()" classname="org.example.SolverTest" time="0.016"/>
  <system-out><![CDATA[]]></system-out>
  <system-err><![CDATA[]]></system-err>
</testsuite>
