<?xml version="1.0" encoding="UTF-8"?>
<testsuite name="org.example.ExpressionParserTest" tests="1" skipped="0" failures="0" errors="0" timestamp="2022-06-03T14:02:12" hostname="DESKTOP-II94PDQ" time="0.075">
  <properties/>
  <testcase name="testParsing()" classname="org.example.ExpressionParserTest" time="0.075"/>
  <system-out><![CDATA[Wrong first 2 characters format
Cant parse numbers
Cant parse numbers
]]></system-out>
  <system-err><![CDATA[SLF4J: Failed to load class "org.slf4j.impl.StaticLoggerBinder".
SLF4J: Defaulting to no-operation (NOP) logger implementation
SLF4J: See http://www.slf4j.org/codes.html#StaticLoggerBinder for further details.
]]></system-err>
</testsuite>
